Arguments: 
  /usr/bin/node /usr/local/bin/yarn add jquery

PATH: 
  /home/egor/.rvm/gems/ruby-2.4.1/bin:/home/egor/.rvm/gems/ruby-2.4.1@global/bin:/usr/share/rvm/rubies/ruby-2.4.1/bin:/usr/local/sbin:/usr/local/bin:/usr/sbin:/usr/bin:/sbin:/bin:/usr/games:/usr/local/games:/snap/bin:/home/egor/.rvm/bin:/snap/bin:/usr/share/rvm/bin:/home/egor/.rvm/bin:/home/egor/.rvm/bin

Yarn version: 
  1.2.1

Node version: 
  8.7.0

Platform: 
  linux x64

npm manifest: 
  {
    "name": "blog",
    "private": true,
    "dependencies": {},
    "devDependencies": {
      "bootstrap-sass": "3.3.7"
    }
  }

yarn manifest: 
  No manifest

Lockfile: 
  # THIS IS AN AUTOGENERATED FILE. DO NOT EDIT THIS FILE DIRECTLY.
  # yarn lockfile v1
  
  
  bootstrap-sass@3.3.7:
    version "3.3.7"
    resolved "https://registry.yarnpkg.com/bootstrap-sass/-/bootstrap-sass-3.3.7.tgz#6596c7ab40f6637393323ab0bc80d064fc630498"

Trace: 
  Error: EACCES: permission denied, unlink '/home/egor/GPStracker/web/node_modules/.yarn-integrity'
